Build started 7/4/2013 10:52:34 AM.
     1>Project "C:\Users\Stefan\Desktop\Trains-Management-System\Trains-Management-System\Trains-Management-System\Trains-Management-System.vcxproj" on node 2 (Build target(s)).
     1>ClCompile:
         D:\Programs\VisualStudio2012\VC\bin\CL.exe /c /ZI /nologo /W3 /WX- /Od /Oy- /D WIN32 /D _DEBUG /D _CONSOLE /D _UNICODE /D UNICODE /Gm /EHsc /RTC1 /MDd /GS /fp:precise /Zc:wchar_t /Zc:forScope /Fo"Debug\\" /Fd"Debug\vc110.pdb" /Gd /TP /analyze- /errorReport:prompt FileDispatcher.cpp
         FileDispatcher.cpp
     1>c:\users\stefan\desktop\trains-management-system\trains-management-system\trains-management-system\filedispatcher.cpp(511): warning C4996: 'gmtime': This function or variable may be unsafe. Consider using gmtime_s instead. To disable deprecation, use _CRT_SECURE_NO_WARNINGS. See online help for details.
                 d:\programs\visualstudio2012\vc\include\time.inl(99) : see declaration of 'gmtime'
     1>c:\users\stefan\desktop\trains-management-system\trains-management-system\trains-management-system\filedispatcher.cpp(586): warning C4996: 'ctime': This function or variable may be unsafe. Consider using ctime_s instead. To disable deprecation, use _CRT_SECURE_NO_WARNINGS. See online help for details.
                 d:\programs\visualstudio2012\vc\include\time.inl(86) : see declaration of 'ctime'
     1>c:\users\stefan\desktop\trains-management-system\trains-management-system\trains-management-system\filedispatcher.cpp(555): warning C4101: 'ptr' : unreferenced local variable
     1>c:\users\stefan\desktop\trains-management-system\trains-management-system\trains-management-system\filedispatcher.cpp(814): warning C4996: 'gmtime': This function or variable may be unsafe. Consider using gmtime_s instead. To disable deprecation, use _CRT_SECURE_NO_WARNINGS. See online help for details.
                 d:\programs\visualstudio2012\vc\include\time.inl(99) : see declaration of 'gmtime'
     1>c:\users\stefan\desktop\trains-management-system\trains-management-system\trains-management-system\filedispatcher.cpp(820): warning C4996: 'itoa': The POSIX name for this item is deprecated. Instead, use the ISO C++ conformant name: _itoa. See online help for details.
                 d:\programs\visualstudio2012\vc\include\stdlib.h(909) : see declaration of 'itoa'
     1>c:\users\stefan\desktop\trains-management-system\trains-management-system\trains-management-system\filedispatcher.cpp(821): warning C4996: 'itoa': The POSIX name for this item is deprecated. Instead, use the ISO C++ conformant name: _itoa. See online help for details.
                 d:\programs\visualstudio2012\vc\include\stdlib.h(909) : see declaration of 'itoa'
     1>c:\users\stefan\desktop\trains-management-system\trains-management-system\trains-management-system\filedispatcher.cpp(822): warning C4996: 'itoa': The POSIX name for this item is deprecated. Instead, use the ISO C++ conformant name: _itoa. See online help for details.
                 d:\programs\visualstudio2012\vc\include\stdlib.h(909) : see declaration of 'itoa'
     1>c:\users\stefan\desktop\trains-management-system\trains-management-system\trains-management-system\filedispatcher.cpp(833): warning C4996: 'itoa': The POSIX name for this item is deprecated. Instead, use the ISO C++ conformant name: _itoa. See online help for details.
                 d:\programs\visualstudio2012\vc\include\stdlib.h(909) : see declaration of 'itoa'
     1>c:\users\stefan\desktop\trains-management-system\trains-management-system\trains-management-system\filedispatcher.cpp(834): warning C4996: 'itoa': The POSIX name for this item is deprecated. Instead, use the ISO C++ conformant name: _itoa. See online help for details.
                 d:\programs\visualstudio2012\vc\include\stdlib.h(909) : see declaration of 'itoa'
     1>c:\users\stefan\desktop\trains-management-system\trains-management-system\trains-management-system\filedispatcher.cpp(862): warning C4715: 'FileDispatcher::GetItem' : not all control paths return a value
       Link:
         D:\Programs\VisualStudio2012\VC\bin\link.exe /ERRORREPORT:PROMPT /OUT:"C:\Users\Stefan\Desktop\Trains-Management-System\Trains-Management-System\Debug\Trains-Management-System.exe" /INCREMENTAL /NOLOGO kernel32.lib user32.lib gdi32.lib winspool.lib comdlg32.lib advapi32.lib shell32.lib ole32.lib oleaut32.lib uuid.lib odbc32.lib odbccp32.lib /MANIFEST /MANIFESTUAC:"level='asInvoker' uiAccess='false'" /manifest:embed /DEBUG /PDB:"C:\Users\Stefan\Desktop\Trains-Management-System\Trains-Management-System\Debug\Trains-Management-System.pdb" /SUBSYSTEM:CONSOLE /TLBID:1 /DYNAMICBASE /NXCOMPAT /IMPLIB:"C:\Users\Stefan\Desktop\Trains-Management-System\Trains-Management-System\Debug\Trains-Management-System.lib" /MACHINE:X86 Debug\City.obj
         Debug\Engine.obj
         Debug\FileDispatcher.obj
         Debug\Schedule.obj
         Debug\Ticket.obj
         Debug\Train.obj
         Debug\TrainSystem.obj
         Trains-Management-System.vcxproj -> C:\Users\Stefan\Desktop\Trains-Management-System\Trains-Management-System\Debug\Trains-Management-System.exe
     1>Done Building Project "C:\Users\Stefan\Desktop\Trains-Management-System\Trains-Management-System\Trains-Management-System\Trains-Management-System.vcxproj" (Build target(s)).

Build succeeded.

Time Elapsed 00:00:03.01
